<?xml version="1.0" encoding="UTF-8"?>
<!-- Generated by org.testng.reporters.JUnitReportReporter -->
<testsuite hostname="user14" failures="0" tests="1" name="TestScripts.GooglePageTest" time="12.826" errors="0" timestamp="2024-10-29T18:16:04 IST" skipped="0">
  <testcase classname="TestScripts.GooglePageTest" name="searchJavaTest" time="12.826"/>
  <system-out/>
</testsuite> <!-- TestScripts.GooglePageTest -->
