<?xml version="1.0" encoding="UTF-8"?>
<!-- Generated by org.testng.reporters.JUnitReportReporter -->
<testsuite hostname="user14" failures="0" tests="1" name="TestScripts.FileUploadTest" time="5.092" errors="0" timestamp="2024-11-05T14:53:28 IST" skipped="0">
  <testcase classname="TestScripts.FileUploadTest" name="fileUploadTC" time="5.092"/>
  <system-out/>
</testsuite> <!-- TestScripts.FileUploadTest -->
