<?xml version="1.0" encoding="UTF-8"?>
<!-- Generated by org.testng.reporters.JUnitReportReporter -->
<testsuite hostname="user14" failures="0" tests="1" name="TestScripts.FileDownloadTest" time="6.482" errors="0" timestamp="2024-11-05T14:53:54 IST" skipped="0">
  <testcase classname="TestScripts.FileDownloadTest" name="fileDownloadTC" time="6.482"/>
  <system-out/>
</testsuite> <!-- TestScripts.FileDownloadTest -->
