<?xml version="1.0" encoding="UTF-8"?>
<!-- Generated by org.testng.reporters.JUnitReportReporter -->
<testsuite hostname="user14" failures="0" tests="1" name="TestScripts.ToolTipTest" time="23.850" errors="0" timestamp="2024-11-06T15:35:39 IST" skipped="0">
  <testcase classname="TestScripts.ToolTipTest" name="toolTipTest" time="23.850"/>
  <system-out/>
</testsuite> <!-- TestScripts.ToolTipTest -->
