<?xml version="1.0" encoding="UTF-8"?>
<!-- Generated by org.testng.reporters.JUnitReportReporter -->
<testsuite hostname="user14" failures="0" tests="1" name="TestScripts.IFrmaeTest" time="9.240" errors="0" timestamp="2024-11-06T15:44:42 IST" skipped="0">
  <testcase classname="TestScripts.IFrmaeTest" name="f" time="9.240"/>
  <system-out/>
</testsuite> <!-- TestScripts.IFrmaeTest -->
