<?xml version="1.0" encoding="UTF-8"?>
<!-- Generated by org.testng.reporters.JUnitReportReporter -->
<testsuite hostname="user14" failures="0" tests="1" name="TestScripts.PageLoadTest" time="11.157" errors="0" timestamp="2024-11-06T15:32:30 IST" skipped="0">
  <testcase classname="TestScripts.PageLoadTest" name="pageLoadTst" time="11.157"/>
  <system-out/>
</testsuite> <!-- TestScripts.PageLoadTest -->
