<?xml version="1.0" encoding="UTF-8"?>
<!-- Generated by org.testng.reporters.JUnitReportReporter -->
<testsuite hostname="user14" failures="0" tests="1" name="TestScripts.locatorTest" time="10.214" errors="0" timestamp="2024-10-29T18:03:19 IST" skipped="0">
  <testcase classname="TestScripts.locatorTest" name="searchJavaTest" time="10.214"/>
  <system-out/>
</testsuite> <!-- TestScripts.locatorTest -->
