<?xml version="1.0" encoding="UTF-8"?>
<!-- Generated by org.testng.reporters.JUnitReportReporter -->
<testsuite hostname="user14" failures="0" tests="1" name="parallelScripts.SampleOneTest" time="0.012" errors="0" timestamp="2024-11-07T13:25:41 IST" skipped="0">
  <testcase classname="parallelScripts.SampleOneTest" name="testThree" time="0.012"/>
  <system-out/>
</testsuite> <!-- parallelScripts.SampleOneTest -->
