<?xml version="1.0" encoding="UTF-8"?>
<!-- Generated by org.testng.reporters.JUnitReportReporter -->
<testsuite hostname="user14" failures="0" tests="2" name="TestScripts.ExtentReportSampleTest" time="14.030" errors="0" timestamp="2024-11-08T13:21:20 IST" skipped="0">
  <testcase classname="TestScripts.ExtentReportSampleTest" name="appiumSearchTest" time="9.158"/>
  <system-out/>
  <testcase classname="TestScripts.ExtentReportSampleTest" name="cucumberSearchTest" time="4.872"/>
  <system-out/>
</testsuite> <!-- TestScripts.ExtentReportSampleTest -->
