<?xml version="1.0" encoding="UTF-8"?>
<!-- Generated by org.testng.reporters.JUnitReportReporter -->
<testsuite hostname="user14" failures="0" tests="1" name="TestScripts.RadiochkBoxTest" time="10.637" errors="0" timestamp="2024-11-05T17:30:25 IST" skipped="0">
  <testcase classname="TestScripts.RadiochkBoxTest" name="selectRadioTest" time="10.637"/>
  <system-out/>
</testsuite> <!-- TestScripts.RadiochkBoxTest -->
