<?xml version="1.0" encoding="UTF-8"?>
<!-- Generated by org.testng.reporters.JUnitReportReporter -->
<testsuite hostname="user14" failures="0" tests="4" name="parallelScripts.SampleTwoTest" time="18.976" errors="0" timestamp="2024-11-08T12:29:28 IST" skipped="0">
  <testcase classname="parallelScripts.SampleTwoTest" name="testOne" time="3.759"/>
  <system-out/>
  <testcase classname="parallelScripts.SampleTwoTest" name="testTwo" time="3.932"/>
  <system-out/>
  <testcase classname="parallelScripts.SampleTwoTest" name="testThree" time="5.794"/>
  <system-out/>
  <testcase classname="parallelScripts.SampleTwoTest" name="testFour" time="5.491"/>
  <system-out/>
</testsuite> <!-- parallelScripts.SampleTwoTest -->
