<?xml version="1.0" encoding="UTF-8"?>
<!-- Generated by org.testng.reporters.JUnitReportReporter -->
<testsuite hostname="user14" failures="0" tests="1" name="TestScripts.WinPopupTest" time="9.226" errors="0" timestamp="2024-11-06T15:38:20 IST" skipped="0">
  <testcase classname="TestScripts.WinPopupTest" name="newWindowTest" time="9.226"/>
  <system-out/>
</testsuite> <!-- TestScripts.WinPopupTest -->
