<?xml version="1.0" encoding="UTF-8"?>
<!-- Generated by org.testng.reporters.JUnitReportReporter -->
<testsuite hostname="user14" failures="0" tests="3" name="TestScripts.LoginTest" time="28.543" errors="0" timestamp="2024-11-11T17:28:21 IST" skipped="0">
  <testcase classname="TestScripts.LoginTest" name="ValidloginTest" time="10.398"/>
  <system-out/>
  <testcase classname="TestScripts.LoginTest" name="ValidloginTest" time="9.088"/>
  <system-out/>
  <testcase classname="TestScripts.LoginTest" name="ValidloginTest" time="9.057"/>
  <system-out/>
</testsuite> <!-- TestScripts.LoginTest -->
