<?xml version="1.0" encoding="UTF-8"?>
<!-- Generated by org.testng.reporters.JUnitReportReporter -->
<testsuite hostname="user14" failures="0" tests="1" name="TestScripts.ExpWaitTest" time="20.169" errors="0" timestamp="2024-11-06T15:33:29 IST" skipped="0">
  <testcase classname="TestScripts.ExpWaitTest" name="expWaitTest" time="20.169"/>
  <system-out/>
</testsuite> <!-- TestScripts.ExpWaitTest -->
