<?xml version="1.0" encoding="UTF-8"?>
<!-- Generated by org.testng.reporters.JUnitReportReporter -->
<testsuite hostname="user14" failures="0" tests="1" name="TestScripts.WinPopupTest" time="7.518" errors="0" timestamp="2024-11-06T10:15:08 IST" skipped="0">
  <testcase classname="TestScripts.WinPopupTest" name="newWindowTest" time="7.518"/>
  <system-out/>
</testsuite> <!-- TestScripts.WinPopupTest -->
