<?xml version="1.0" encoding="UTF-8"?>
<!-- Generated by org.testng.reporters.JUnitReportReporter -->
<testsuite hostname="user14" failures="0" tests="1" name="TestScripts.DropDownTest" time="7.094" errors="0" timestamp="2024-11-06T17:26:08 IST" skipped="0">
  <testcase classname="TestScripts.DropDownTest" name="selectOptions" time="7.094"/>
  <system-out/>
</testsuite> <!-- TestScripts.DropDownTest -->
