<?xml version="1.0" encoding="UTF-8"?>
<!-- Generated by org.testng.reporters.JUnitReportReporter -->
<testsuite hostname="user14" failures="0" tests="1" name="TestScripts.RemoteWebDriverTest" time="9.289" errors="0" timestamp="2024-11-12T11:04:18 IST" skipped="0">
  <testcase classname="TestScripts.RemoteWebDriverTest" name="test" time="9.289"/>
  <system-out/>
</testsuite> <!-- TestScripts.RemoteWebDriverTest -->
