<?xml version="1.0" encoding="UTF-8"?>
<!-- Generated by org.testng.reporters.JUnitReportReporter -->
<testsuite hostname="user14" failures="0" tests="1" name="TestScripts.AutoCompleteTest" time="24.403" errors="0" timestamp="2024-11-06T11:33:09 IST" skipped="0">
  <testcase classname="TestScripts.AutoCompleteTest" name="autoCompleteTst" time="24.403"/>
  <system-out/>
</testsuite> <!-- TestScripts.AutoCompleteTest -->
