<?xml version="1.0" encoding="UTF-8"?>
<!-- Generated by org.testng.reporters.JUnitReportReporter -->
<testsuite hostname="user14" failures="0" tests="1" name="TestScripts.JSExecTest" time="10.707" errors="0" timestamp="2024-11-06T15:31:39 IST" skipped="0">
  <testcase classname="TestScripts.JSExecTest" name="javaScriptExec" time="10.707"/>
  <system-out/>
</testsuite> <!-- TestScripts.JSExecTest -->
