<?xml version="1.0" encoding="UTF-8"?>
<!-- Generated by org.testng.reporters.JUnitReportReporter -->
<testsuite hostname="user14" failures="0" tests="1" name="TestScripts.locatorTest" time="11.760" errors="0" timestamp="2024-11-08T10:33:29 IST" skipped="0">
  <testcase classname="TestScripts.locatorTest" name="loginTest" time="11.760"/>
  <system-out/>
</testsuite> <!-- TestScripts.locatorTest -->
