<?xml version="1.0" encoding="UTF-8"?>
<!-- Generated by org.testng.reporters.JUnitReportReporter -->
<testsuite hostname="user14" failures="0" tests="1" name="TestScripts.CDPTest" time="7.823" errors="0" timestamp="2024-11-12T12:44:30 IST" skipped="0">
  <testcase classname="TestScripts.CDPTest" name="geoLocationTest" time="7.823"/>
  <system-out/>
</testsuite> <!-- TestScripts.CDPTest -->
