<?xml version="1.0" encoding="UTF-8"?>
<!-- Generated by org.testng.reporters.JUnitReportReporter -->
<testsuite hostname="user14" failures="0" tests="1" name="TestScripts.displayText" time="6.118" errors="0" timestamp="2024-11-05T16:06:20 IST" skipped="0">
  <testcase classname="TestScripts.displayText" name="displayElementTest" time="6.118"/>
  <system-out/>
</testsuite> <!-- TestScripts.displayText -->
